<?xml version="1.0" encoding="UTF-8"?>
<!-- Generated by org.testng.reporters.JUnitReportReporter -->
<testsuite hostname="DESKTOP-HDPU2L2" failures="0" tests="4" name="sdet.PriorityExample" time="0.020" errors="0" timestamp="2024-05-13T17:25:38 IST" skipped="1">
  <testcase classname="sdet.PriorityExample" name="test5" time="0.005"/>
  <system-out/>
  <testcase classname="sdet.PriorityExample" name="test6" time="0.007"/>
  <system-out/>
  <testcase classname="sdet.PriorityExample" name="test8" time="0.008"/>
  <system-out/>
  <testcase classname="sdet.PriorityExample" name="test7">
    <skipped/>
  </testcase> <!-- test7 -->
  <system-out/>
</testsuite> <!-- sdet.PriorityExample -->
