<?xml version="1.0" encoding="UTF-8"?>
<!-- Generated by org.testng.reporters.JUnitReportReporter -->
<testsuite hostname="DESKTOP-HDPU2L2" failures="0" tests="4" name="sdet.AssertionsExample" time="3.148" errors="0" timestamp="2024-05-13T17:25:38 IST" skipped="0">
  <testcase classname="sdet.AssertionsExample" name="logoTest" time="0.065"/>
  <system-out/>
  <testcase classname="sdet.AssertionsExample" name="submitTest" time="2.868"/>
  <system-out/>
  <testcase classname="sdet.AssertionsExample" name="titleTest" time="0.015"/>
  <system-out/>
  <testcase classname="sdet.AssertionsExample" name="loginTest" time="0.200"/>
  <system-out/>
</testsuite> <!-- sdet.AssertionsExample -->
