<?xml version="1.0" encoding="UTF-8"?>
<!-- Generated by org.testng.reporters.JUnitReportReporter -->
<testsuite hostname="DESKTOP-HDPU2L2" failures="0" tests="2" name="parallelTesting.ParallelTest1" time="28.965" errors="0" timestamp="2024-05-17T16:48:24 IST" skipped="0">
  <testcase classname="parallelTesting.ParallelTest1" name="logoTest" time="18.072"/>
  <system-out/>
  <testcase classname="parallelTesting.ParallelTest1" name="homePageTitleTest" time="10.893"/>
  <system-out/>
</testsuite> <!-- parallelTesting.ParallelTest1 -->
