<?xml version="1.0" encoding="UTF-8"?>
<!-- Generated by org.testng.reporters.JUnitReportReporter -->
<testsuite hostname="DESKTOP-HDPU2L2" failures="0" tests="2" name="sdet.BeforeMethodCheck" time="0.027" errors="0" timestamp="2024-05-13T17:25:38 IST" skipped="0">
  <testcase classname="sdet.BeforeMethodCheck" name="test2" time="0.006"/>
  <system-out/>
  <testcase classname="sdet.BeforeMethodCheck" name="test1" time="0.021"/>
  <system-out/>
</testsuite> <!-- sdet.BeforeMethodCheck -->
