<?xml version="1.0" encoding="UTF-8"?>
<!-- Generated by org.testng.reporters.JUnitReportReporter -->
<testsuite hostname="DESKTOP-HDPU2L2" failures="0" tests="3" name="sdet.FirstTest" time="0.024" errors="0" timestamp="2024-05-13T17:25:38 IST" skipped="0">
  <testcase classname="sdet.FirstTest" name="setUp" time="0.005"/>
  <system-out/>
  <testcase classname="sdet.FirstTest" name="login" time="0.006"/>
  <system-out/>
  <testcase classname="sdet.FirstTest" name="close" time="0.013"/>
  <system-out/>
</testsuite> <!-- sdet.FirstTest -->
