<?xml version="1.0" encoding="UTF-8"?>
<!-- Generated by org.testng.reporters.JUnitReportReporter -->
<testsuite hostname="DESKTOP-HDPU2L2" failures="0" tests="2" name="sdet.BeforeMethodCheck2" time="0.024" errors="0" timestamp="2024-05-25T11:35:16 IST" skipped="0">
  <testcase classname="sdet.BeforeMethodCheck2" name="test4" time="0.005"/>
  <system-out/>
  <testcase classname="sdet.BeforeMethodCheck2" name="test3" time="0.019"/>
  <system-out/>
</testsuite> <!-- sdet.BeforeMethodCheck2 -->
