<?xml version="1.0" encoding="UTF-8"?>
<!-- Generated by org.testng.reporters.JUnitReportReporter -->
<testsuite hostname="DESKTOP-HDPU2L2" failures="0" tests="1" name="parallelTesting.ParallelTest2" time="19.877" errors="0" timestamp="2024-05-17T16:48:24 IST" skipped="0">
  <testcase classname="parallelTesting.ParallelTest2" name="loginTest" time="19.877"/>
  <system-out/>
</testsuite> <!-- parallelTesting.ParallelTest2 -->
