<?xml version="1.0" encoding="UTF-8"?>
<!-- Generated by org.testng.reporters.JUnitReportReporter -->
<testsuite hostname="DESKTOP-HDPU2L2" failures="0" tests="4" name="sdet.GroupingExample" time="0.009" errors="0" timestamp="2024-05-13T17:25:38 IST" skipped="0">
  <testcase classname="sdet.GroupingExample" name="testA" time="0.002"/>
  <system-out/>
  <testcase classname="sdet.GroupingExample" name="testC" time="0.004"/>
  <system-out/>
  <testcase classname="sdet.GroupingExample" name="testD" time="0.002"/>
  <system-out/>
  <testcase classname="sdet.GroupingExample" name="testB" time="0.001"/>
  <system-out/>
</testsuite> <!-- sdet.GroupingExample -->
