<?xml version="1.0" encoding="UTF-8"?>
<!-- Generated by org.testng.reporters.JUnitReportReporter -->
<testsuite hostname="DESKTOP-HDPU2L2" failures="0" tests="1" name="firstTest.NewTest" time="3.682" errors="0" timestamp="2024-05-17T16:52:35 IST" skipped="0">
  <testcase classname="firstTest.NewTest" name="FirstTest" time="3.682"/>
  <system-out/>
</testsuite> <!-- firstTest.NewTest -->
