<?xml version="1.0" encoding="UTF-8"?>
<!-- Generated by org.testng.reporters.JUnitReportReporter -->
<testsuite hostname="DESKTOP-HDPU2L2" failures="0" tests="1" name="browser.Open" time="3.605" errors="0" timestamp="2024-05-12T14:24:01 IST" skipped="0">
  <testcase classname="browser.Open" name="doTest" time="3.605"/>
  <system-out/>
</testsuite> <!-- browser.Open -->
