<?xml version="1.0" encoding="UTF-8"?>
<!-- Generated by org.testng.reporters.JUnitReportReporter -->
<testsuite hostname="DESKTOP-HDPU2L2" failures="0" tests="3" name="sdet.DataProviderExample" time="0.027" errors="0" timestamp="2024-05-15T14:59:00 IST" skipped="0">
  <testcase classname="sdet.DataProviderExample" name="loginTest" time="0.005"/>
  <system-out/>
  <testcase classname="sdet.DataProviderExample" name="loginTest" time="0.020"/>
  <system-out/>
  <testcase classname="sdet.DataProviderExample" name="loginTest" time="0.002"/>
  <system-out/>
</testsuite> <!-- sdet.DataProviderExample -->
